==========================================
  Data Health Monitoring
==========================================

[0;34m[INFO][0m Checking data freshness...
[0;34m[INFO][0m Last user update: 2025-12-0904:28:55.583309+00
[0;32m[✓][0m Data freshness check completed
[0;34m[INFO][0m Checking data consistency...
==========================================
  Data Consistency Validation
==========================================

[0;34m[INFO][0m Checking for orphaned records...
[0;32m[✓][0m No orphaned user_profiles found
[0;32m[✓][0m No orphaned records found
[0;34m[INFO][0m Checking foreign key integrity...
[0;32m[✓][0m Foreign key integrity check passed
[0;34m[INFO][0m Checking data constraints...
[0;32m[✓][0m Data constraints check passed
[0;34m[INFO][0m Checking for duplicate records...
[0;32m[✓][0m No duplicate records found
[0;34m[INFO][0m Validating business rules...
[0;32m[✓][0m Business rules validation passed
[0;34m[INFO][0m Generating consistency report...
[0;32m[✓][0m Report generated: /root/forexxx/DATA_CONSISTENCY_REPORT_20251209_070002.md

==========================================
[0;32m[✓][0m Data consistency validation passed!
==========================================
[0;32m[✓][0m Data consistency check passed
[0;34m[INFO][0m Checking data quality...
[0;31m[✗][0m Found  users without email or phone
[0;34m[INFO][0m Generating data health report...
[0;32m[✓][0m Report generated: /root/forexxx/DATA_HEALTH_REPORT_20251209_070003.md

==========================================
[0;31m[✗][0m Data health issues detected
==========================================
==========================================
  Data Health Monitoring
==========================================

[0;34m[INFO][0m Checking data freshness...
[0;34m[INFO][0m Last user update: 
[0;32m[✓][0m Data freshness check completed
[0;34m[INFO][0m Checking data consistency...
==========================================
  Data Consistency Validation
==========================================

[0;34m[INFO][0m Checking for orphaned records...
[0;31m[✗][0m Found  orphaned user_profiles
[0;32m[✓][0m No orphaned records found
[0;34m[INFO][0m Checking foreign key integrity...
[0;32m[✓][0m Foreign key integrity check passed
[0;34m[INFO][0m Checking data constraints...
[0;32m[✓][0m Data constraints check passed
[0;34m[INFO][0m Checking for duplicate records...
[0;32m[✓][0m No duplicate records found
[0;34m[INFO][0m Validating business rules...
[0;32m[✓][0m Business rules validation passed
[0;34m[INFO][0m Generating consistency report...
[0;32m[✓][0m Report generated: /root/forexxx/DATA_CONSISTENCY_REPORT_20251210_070001.md

==========================================
[0;32m[✓][0m Data consistency validation passed!
==========================================
[0;32m[✓][0m Data consistency check passed
[0;34m[INFO][0m Checking data quality...
[0;31m[✗][0m Found  users without email or phone
[0;34m[INFO][0m Generating data health report...
[0;32m[✓][0m Report generated: /root/forexxx/DATA_HEALTH_REPORT_20251210_070002.md

==========================================
[0;31m[✗][0m Data health issues detected
==========================================
==========================================
  Data Health Monitoring
==========================================

[0;34m[INFO][0m Checking data freshness...
[0;34m[INFO][0m Last user update: 2025-12-1103:27:40.658073+00
[0;32m[✓][0m Data freshness check completed
[0;34m[INFO][0m Checking data consistency...
==========================================
  Data Consistency Validation
==========================================

[0;34m[INFO][0m Checking for orphaned records...
[0;32m[✓][0m No orphaned user_profiles found
[0;32m[✓][0m No orphaned records found
[0;34m[INFO][0m Checking foreign key integrity...
[0;32m[✓][0m Foreign key integrity check passed
[0;34m[INFO][0m Checking data constraints...
[0;32m[✓][0m Data constraints check passed
[0;34m[INFO][0m Checking for duplicate records...
[0;32m[✓][0m No duplicate records found
[0;34m[INFO][0m Validating business rules...
[0;32m[✓][0m Business rules validation passed
[0;34m[INFO][0m Generating consistency report...
[0;32m[✓][0m Report generated: /root/forexxx/DATA_CONSISTENCY_REPORT_20251211_070008.md

==========================================
[0;32m[✓][0m Data consistency validation passed!
==========================================
[0;32m[✓][0m Data consistency check passed
[0;34m[INFO][0m Checking data quality...
[0;31m[✗][0m Found  users without email or phone
[0;34m[INFO][0m Generating data health report...
[0;32m[✓][0m Report generated: /root/forexxx/DATA_HEALTH_REPORT_20251211_070009.md

==========================================
[0;31m[✗][0m Data health issues detected
==========================================
==========================================
  Data Health Monitoring
==========================================

[0;34m[INFO][0m Checking data freshness...
[0;34m[INFO][0m Last user update: 2025-12-1103:27:40.658073+00
[0;32m[✓][0m Data freshness check completed
[0;34m[INFO][0m Checking data consistency...
==========================================
  Data Consistency Validation
==========================================

[0;34m[INFO][0m Checking for orphaned records...
[0;32m[✓][0m No orphaned user_profiles found
[0;32m[✓][0m No orphaned records found
[0;34m[INFO][0m Checking foreign key integrity...
[0;32m[✓][0m Foreign key integrity check passed
[0;34m[INFO][0m Checking data constraints...
[0;32m[✓][0m Data constraints check passed
[0;34m[INFO][0m Checking for duplicate records...
[0;32m[✓][0m No duplicate records found
[0;34m[INFO][0m Validating business rules...
[0;32m[✓][0m Business rules validation passed
[0;34m[INFO][0m Generating consistency report...
[0;32m[✓][0m Report generated: /root/forexxx/DATA_CONSISTENCY_REPORT_20251212_070004.md

==========================================
[0;32m[✓][0m Data consistency validation passed!
==========================================
[0;32m[✓][0m Data consistency check passed
[0;34m[INFO][0m Checking data quality...
[0;31m[✗][0m Found  users without email or phone
[0;34m[INFO][0m Generating data health report...
[0;32m[✓][0m Report generated: /root/forexxx/DATA_HEALTH_REPORT_20251212_070007.md

==========================================
[0;31m[✗][0m Data health issues detected
==========================================
==========================================
  Data Health Monitoring
==========================================

[0;34m[INFO][0m Checking data freshness...
[0;34m[INFO][0m Last user update: 2025-12-1212:41:37.70647+00
[0;32m[✓][0m Data freshness check completed
[0;34m[INFO][0m Checking data consistency...
==========================================
  Data Consistency Validation
==========================================

[0;34m[INFO][0m Checking for orphaned records...
[0;32m[✓][0m No orphaned user_profiles found
[0;32m[✓][0m No orphaned records found
[0;34m[INFO][0m Checking foreign key integrity...
[0;32m[✓][0m Foreign key integrity check passed
[0;34m[INFO][0m Checking data constraints...
[0;32m[✓][0m Data constraints check passed
[0;34m[INFO][0m Checking for duplicate records...
[0;32m[✓][0m No duplicate records found
[0;34m[INFO][0m Validating business rules...
[0;32m[✓][0m Business rules validation passed
[0;34m[INFO][0m Generating consistency report...
[0;32m[✓][0m Report generated: /root/forexxx/DATA_CONSISTENCY_REPORT_20251213_070006.md

==========================================
[0;32m[✓][0m Data consistency validation passed!
==========================================
[0;32m[✓][0m Data consistency check passed
[0;34m[INFO][0m Checking data quality...
[0;31m[✗][0m Found  users without email or phone
[0;34m[INFO][0m Generating data health report...
[0;32m[✓][0m Report generated: /root/forexxx/DATA_HEALTH_REPORT_20251213_070007.md

==========================================
[0;31m[✗][0m Data health issues detected
==========================================
==========================================
  Data Health Monitoring
==========================================

[0;34m[INFO][0m Checking data freshness...
[0;34m[INFO][0m Last user update: 2025-12-1212:41:37.70647+00
[0;32m[✓][0m Data freshness check completed
[0;34m[INFO][0m Checking data consistency...
==========================================
  Data Consistency Validation
==========================================

[0;34m[INFO][0m Checking for orphaned records...
[0;32m[✓][0m No orphaned user_profiles found
[0;32m[✓][0m No orphaned records found
[0;34m[INFO][0m Checking foreign key integrity...
[0;32m[✓][0m Foreign key integrity check passed
[0;34m[INFO][0m Checking data constraints...
[0;32m[✓][0m Data constraints check passed
[0;34m[INFO][0m Checking for duplicate records...
[0;32m[✓][0m No duplicate records found
[0;34m[INFO][0m Validating business rules...
[0;32m[✓][0m Business rules validation passed
[0;34m[INFO][0m Generating consistency report...
[0;32m[✓][0m Report generated: /root/forexxx/DATA_CONSISTENCY_REPORT_20251214_070005.md

==========================================
[0;32m[✓][0m Data consistency validation passed!
==========================================
[0;32m[✓][0m Data consistency check passed
[0;34m[INFO][0m Checking data quality...
[0;31m[✗][0m Found  users without email or phone
[0;34m[INFO][0m Generating data health report...
[0;32m[✓][0m Report generated: /root/forexxx/DATA_HEALTH_REPORT_20251214_070008.md

==========================================
[0;31m[✗][0m Data health issues detected
==========================================
==========================================
  Data Health Monitoring
==========================================

[0;34m[INFO][0m Checking data freshness...
[0;34m[INFO][0m Last user update: 2025-12-1505:00:55.836892+00
[0;32m[✓][0m Data freshness check completed
[0;34m[INFO][0m Checking data consistency...
==========================================
  Data Consistency Validation
==========================================

[0;34m[INFO][0m Checking for orphaned records...
[0;32m[✓][0m No orphaned user_profiles found
[0;32m[✓][0m No orphaned records found
[0;34m[INFO][0m Checking foreign key integrity...
[0;32m[✓][0m Foreign key integrity check passed
[0;34m[INFO][0m Checking data constraints...
[0;32m[✓][0m Data constraints check passed
[0;34m[INFO][0m Checking for duplicate records...
[0;32m[✓][0m No duplicate records found
[0;34m[INFO][0m Validating business rules...
[0;32m[✓][0m Business rules validation passed
[0;34m[INFO][0m Generating consistency report...
[0;32m[✓][0m Report generated: /root/forexxx/DATA_CONSISTENCY_REPORT_20251215_070007.md

==========================================
[0;32m[✓][0m Data consistency validation passed!
==========================================
[0;32m[✓][0m Data consistency check passed
[0;34m[INFO][0m Checking data quality...
[0;31m[✗][0m Found  users without email or phone
[0;34m[INFO][0m Generating data health report...
[0;32m[✓][0m Report generated: /root/forexxx/DATA_HEALTH_REPORT_20251215_070008.md

==========================================
[0;31m[✗][0m Data health issues detected
==========================================
==========================================
  Data Health Monitoring
==========================================

[0;34m[INFO][0m Checking data freshness...
[0;34m[INFO][0m Last user update: 2025-12-1604:38:40.012024+00
[0;32m[✓][0m Data freshness check completed
[0;34m[INFO][0m Checking data consistency...
==========================================
  Data Consistency Validation
==========================================

[0;34m[INFO][0m Checking for orphaned records...
[0;32m[✓][0m No orphaned user_profiles found
[0;32m[✓][0m No orphaned records found
[0;34m[INFO][0m Checking foreign key integrity...
[0;32m[✓][0m Foreign key integrity check passed
[0;34m[INFO][0m Checking data constraints...
[0;32m[✓][0m Data constraints check passed
[0;34m[INFO][0m Checking for duplicate records...
[0;32m[✓][0m No duplicate records found
[0;34m[INFO][0m Validating business rules...
[0;32m[✓][0m Business rules validation passed
[0;34m[INFO][0m Generating consistency report...
[0;32m[✓][0m Report generated: /root/forexxx/DATA_CONSISTENCY_REPORT_20251216_070007.md

==========================================
[0;32m[✓][0m Data consistency validation passed!
==========================================
[0;32m[✓][0m Data consistency check passed
[0;34m[INFO][0m Checking data quality...
[0;31m[✗][0m Found  users without email or phone
[0;34m[INFO][0m Generating data health report...
[0;32m[✓][0m Report generated: /root/forexxx/DATA_HEALTH_REPORT_20251216_070009.md

==========================================
[0;31m[✗][0m Data health issues detected
==========================================
==========================================
  Data Health Monitoring
==========================================

[0;34m[INFO][0m Checking data freshness...
[0;34m[INFO][0m Last user update: 2025-12-1701:52:15.485933+00
[0;32m[✓][0m Data freshness check completed
[0;34m[INFO][0m Checking data consistency...
==========================================
  Data Consistency Validation
==========================================

[0;34m[INFO][0m Checking for orphaned records...
[0;32m[✓][0m No orphaned user_profiles found
[0;32m[✓][0m No orphaned records found
[0;34m[INFO][0m Checking foreign key integrity...
[0;32m[✓][0m Foreign key integrity check passed
[0;34m[INFO][0m Checking data constraints...
[0;32m[✓][0m Data constraints check passed
[0;34m[INFO][0m Checking for duplicate records...
[0;32m[✓][0m No duplicate records found
[0;34m[INFO][0m Validating business rules...
[0;32m[✓][0m Business rules validation passed
[0;34m[INFO][0m Generating consistency report...
[0;32m[✓][0m Report generated: /root/forexxx/DATA_CONSISTENCY_REPORT_20251217_070005.md

==========================================
[0;32m[✓][0m Data consistency validation passed!
==========================================
[0;32m[✓][0m Data consistency check passed
[0;34m[INFO][0m Checking data quality...
[0;31m[✗][0m Found  users without email or phone
[0;34m[INFO][0m Generating data health report...
[0;32m[✓][0m Report generated: /root/forexxx/DATA_HEALTH_REPORT_20251217_070010.md

==========================================
[0;31m[✗][0m Data health issues detected
==========================================
==========================================
  Data Health Monitoring
==========================================

[0;34m[INFO][0m Checking data freshness...
[0;34m[INFO][0m Last user update: 2025-12-1701:52:15.485933+00
[0;32m[✓][0m Data freshness check completed
[0;34m[INFO][0m Checking data consistency...
==========================================
  Data Consistency Validation
==========================================

[0;34m[INFO][0m Checking for orphaned records...
[0;32m[✓][0m No orphaned user_profiles found
[0;32m[✓][0m No orphaned records found
[0;34m[INFO][0m Checking foreign key integrity...
[0;32m[✓][0m Foreign key integrity check passed
[0;34m[INFO][0m Checking data constraints...
[0;32m[✓][0m Data constraints check passed
[0;34m[INFO][0m Checking for duplicate records...
[0;32m[✓][0m No duplicate records found
[0;34m[INFO][0m Validating business rules...
[0;32m[✓][0m Business rules validation passed
[0;34m[INFO][0m Generating consistency report...
[0;32m[✓][0m Report generated: /root/forexxx/DATA_CONSISTENCY_REPORT_20251218_070007.md

==========================================
[0;32m[✓][0m Data consistency validation passed!
==========================================
[0;32m[✓][0m Data consistency check passed
[0;34m[INFO][0m Checking data quality...
[0;31m[✗][0m Found  users without email or phone
[0;34m[INFO][0m Generating data health report...
[0;32m[✓][0m Report generated: /root/forexxx/DATA_HEALTH_REPORT_20251218_070010.md

==========================================
[0;31m[✗][0m Data health issues detected
==========================================
==========================================
  Data Health Monitoring
==========================================

[0;34m[INFO][0m Checking data freshness...
[0;34m[INFO][0m Last user update: 2025-12-1701:52:15.485933+00
[0;32m[✓][0m Data freshness check completed
[0;34m[INFO][0m Checking data consistency...
==========================================
  Data Consistency Validation
==========================================

[0;34m[INFO][0m Checking for orphaned records...
[0;32m[✓][0m No orphaned user_profiles found
[0;32m[✓][0m No orphaned records found
[0;34m[INFO][0m Checking foreign key integrity...
[0;32m[✓][0m Foreign key integrity check passed
[0;34m[INFO][0m Checking data constraints...
[0;32m[✓][0m Data constraints check passed
[0;34m[INFO][0m Checking for duplicate records...
[0;32m[✓][0m No duplicate records found
[0;34m[INFO][0m Validating business rules...
[0;32m[✓][0m Business rules validation passed
[0;34m[INFO][0m Generating consistency report...
[0;32m[✓][0m Report generated: /root/forexxx/DATA_CONSISTENCY_REPORT_20251219_070005.md

==========================================
[0;32m[✓][0m Data consistency validation passed!
==========================================
[0;32m[✓][0m Data consistency check passed
[0;34m[INFO][0m Checking data quality...
[0;31m[✗][0m Found  users without email or phone
[0;34m[INFO][0m Generating data health report...
[0;32m[✓][0m Report generated: /root/forexxx/DATA_HEALTH_REPORT_20251219_070009.md

==========================================
[0;31m[✗][0m Data health issues detected
==========================================
