==========================================
  Data Freshness Monitoring
==========================================

Threshold: 24 hours

[0;34m[INFO][0m users: Last update: 2025-12-0904:28:55.583309+00
[0;34m[INFO][0m audit_logs: Last update: 2025-12-0904:29:33.288742+00
[0;34m[INFO][0m exchange_rates: Last update: 2025-12-0611:46:37.5691+00

==========================================
[0;32m[✓][0m Data freshness monitoring completed!
==========================================
==========================================
  Data Freshness Monitoring
==========================================

Threshold: 24 hours


==========================================
[0;32m[✓][0m Data freshness monitoring completed!
==========================================
==========================================
  Data Freshness Monitoring
==========================================

Threshold: 24 hours

[0;34m[INFO][0m users: Last update: 2025-12-1103:27:40.658073+00
[0;34m[INFO][0m audit_logs: Last update: 2025-12-1103:28:02.953438+00
[0;34m[INFO][0m exchange_rates: Last update: 2025-12-0611:46:37.5691+00

==========================================
[0;32m[✓][0m Data freshness monitoring completed!
==========================================
==========================================
  Data Freshness Monitoring
==========================================

Threshold: 24 hours

[0;34m[INFO][0m users: Last update: 2025-12-1103:27:40.658073+00
[0;34m[INFO][0m audit_logs: Last update: 2025-12-1103:28:02.953438+00
[0;34m[INFO][0m exchange_rates: Last update: 2025-12-0611:46:37.5691+00

==========================================
[0;32m[✓][0m Data freshness monitoring completed!
==========================================
==========================================
  Data Freshness Monitoring
==========================================

Threshold: 24 hours

[0;34m[INFO][0m users: Last update: 2025-12-1212:41:37.70647+00
[0;34m[INFO][0m audit_logs: Last update: 2025-12-1212:43:56.916598+00
[0;34m[INFO][0m exchange_rates: Last update: 2025-12-0611:46:37.5691+00

==========================================
[0;32m[✓][0m Data freshness monitoring completed!
==========================================
==========================================
  Data Freshness Monitoring
==========================================

Threshold: 24 hours

[0;34m[INFO][0m users: Last update: 2025-12-1212:41:37.70647+00
[0;34m[INFO][0m audit_logs: Last update: 2025-12-1212:43:56.916598+00
[0;34m[INFO][0m exchange_rates: Last update: 2025-12-0611:46:37.5691+00

==========================================
[0;32m[✓][0m Data freshness monitoring completed!
==========================================
==========================================
  Data Freshness Monitoring
==========================================

Threshold: 24 hours

[0;34m[INFO][0m users: Last update: 2025-12-1505:00:55.836892+00
[0;34m[INFO][0m audit_logs: Last update: 2025-12-1505:03:54.454521+00
[0;34m[INFO][0m exchange_rates: Last update: 2025-12-0611:46:37.5691+00

==========================================
[0;32m[✓][0m Data freshness monitoring completed!
==========================================
==========================================
  Data Freshness Monitoring
==========================================

Threshold: 24 hours

[0;34m[INFO][0m users: Last update: 2025-12-1604:38:40.012024+00
[0;34m[INFO][0m audit_logs: Last update: 2025-12-1604:38:40.079828+00
[0;34m[INFO][0m exchange_rates: Last update: 2025-12-1523:51:25.235631+00

==========================================
[0;32m[✓][0m Data freshness monitoring completed!
==========================================
